# fixes done in maven-metadata.xml when checking with effective content
# groupId:artifactId => +version, -version
acegisecurity:acegi-security => +1.0.0, +1.0.0-RC1
acegisecurity:acegi-security-cas => +1.0.0-RC1
acegisecurity:acegi-security-catalina => +1.0.0-RC1
acegisecurity:acegi-security-jboss => +1.0.0-RC1
acegisecurity:acegi-security-jetty => +1.0.0-RC1
acegisecurity:acegi-security-resin => +1.0.0-RC1
acegisecurity:acegi-security-tiger => +1.0.0-RC1
activecluster:activecluster => +1.0, +1.1-20050524.034300, +20040408.185106, +20040423.075722
activeio:activeio => +2.0
activemq:activemq => +3.2.4
activemq:activemq-core => +3.1_javadoc, +3.2.4
activemq:activemq-gbean => +3.2.4, +g1_1-3.2.4
activemq:activemq-gbean-management => +3.2.4, +g1_1-3.2.4
activemq:activemq-optional => +3.2.4
activemq:activemq-ra => +3.2.4
activemq:activemq-web => +3.2.4
ai.api:sdk => +1.6.6
ai.h2o:h2o-algos => +3.0.0.18, +3.0.0.19, +3.0.0.22
ai.h2o:h2o-app => +3.0.0.18, +3.0.0.19, +3.0.0.22
ai.h2o:h2o-core => +3.0.0.18, +3.0.0.19, +3.0.0.22
ai.h2o:h2o-genmodel => +3.0.0.18, +3.0.0.19, +3.0.0.22
ai.h2o:h2o-persist-hdfs => +3.0.0.18, +3.0.0.19, +3.0.0.22
ai.h2o:h2o-scala_2.10 => +3.0.0.18, +3.0.0.19, +3.0.0.22
ai.h2o:h2o-web => +3.0.0.18, +3.0.0.19, +3.0.0.22
ai.h2o:sparkling-water-core_2.10 => +1.3.4, +1.3.5
ai.h2o:sparkling-water-examples_2.10 => +1.3.4, +1.3.5
am.ik.categolj3:categolj3-api => -1.0.0.M1
ant:ant => +1.7.0
ant-contrib:ant-contrib => +1.0b2, +1.0b3
ant-contrib:cpptasks => +1.0b3, +20030309.134440
antlr:antlr => +2.7.7, +3.0b5, +3.0ea8
ar.com.fdvs:DynamicJasper => +2.0.7, +2.0.8, +2.1.0, +2.1.3, +3.0.1, +3.0.13, +3.0.2, +3.0.5, +3.0.6, +3.0.8, +3.0.9
## null:args4j => -1.0
args4j:args4j => +1.0, +2.0.1, +2.0.10, +2.0.11, +2.0.12, +2.0.13, +2.0.14, +2.0.15, +2.0.16, +2.0.2, +2.0.3, +2.0.4, +2.0.5, +2.0.6, +2.0.7, +2.0.8, +2.0.9
args4j:args4j-site => +2.0.10, +2.0.11, +2.0.12, +2.0.13, +2.0.14, +2.0.15, +2.0.16, +2.0.8, +2.0.9
args4j:args4j-tools => +2.0.10, +2.0.11, +2.0.12, +2.0.13, +2.0.14, +2.0.15, +2.0.16, +2.0.2, +2.0.3, +2.0.4, +2.0.5, +2.0.6, +2.0.7, +2.0.8, +2.0.9
as.leap:cloud-code-base => +2.3.5
as.leap:cloud-code-sdk => +2.3.4
as.leap:vertx-rpc => +3.1.0
asm:asm => +2.2.2, +2.2.3, +3.0_RC1
asm:asm-all => +2.2.3, +20070324, +3.0_RC1
asm:asm-analysis => +2.2.3, +3.0_RC1
asm:asm-attrs => +2.2.3
asm:asm-commons => +2.2.2, +2.2.3, +3.0_RC1
asm:asm-tree => +2.2.3, +3.0_RC1
asm:asm-util => +2.2.3, +3.0_RC1
asm:asm-xml => +2.2.3, +3.0_RC1
aspectj:aspectjlib => +1.5.2, +1.5.2a, +1.5.3
aspectj:aspectjrt => +1.5.4
aspectj:aspectjtools => +1.5.1a, +1.5.2, +1.5.2a, +1.5.3, +1.5.4
aspectj:aspectjweaver => +1.5.2, +1.5.2a, +1.5.3, +1.5.4
at.borkowski.spicej:core => -0.0.4
at.borkowski.spicej:proxy => -0.0.4
at.borkowski.spicej:real-time-tests => -0.0.4
at.borkowski.spicej:spicej => -0.0.4
at.mjst:lib-java => +2016.06-46
at.molindo:molindo-notify => +1.0.0, +2.0.0
au.com.dius:pact-jvm-consumer-groovy_2.10 => +2.2.2, +2.2.3, +2.2.4, +2.2.5
au.com.dius:pact-jvm-consumer-groovy_2.11 => +2.2.2, +2.2.3, +2.2.4, +2.2.5
au.com.dius:pact-jvm-consumer-junit_2.10 => +2.2.2, +2.2.3, +2.2.4, +2.2.5
au.com.dius:pact-jvm-consumer-junit_2.11 => +2.2.2, +2.2.3, +2.2.4, +2.2.5
au.com.dius:pact-jvm-consumer-sbt_2.10_0.13 => +1.1, +1.10, +1.11, +1.12, +1.2, +1.3, +1.4, +1.5, +1.6, +1.7, +1.8, +1.9, +2.0-RC1, +2.0-RC3, +2.0-RC4, +2.0-RC5, +2.0.3, +2.2.0, +2.2.1, +2.2.11, +2.2.12, +2.2.13, +2.2.14, +2.2.15, +2.2.2, +2.2.3, +2.2.4, +2.2.5, +2.3.0, +2.3.1, +2.3.2, +2.3.3, +2.4.0, +2.4.1, +2.4.10, +2.4.11, +2.4.12, +2.4.13, +2.4.14, +2.4.16, +2.4.17, +2.4.18, +2.4.19, +2.4.2, +2.4.3, +2.4.4, +2.4.5, +2.4.6, +2.4.7, +2.4.8, +2.4.9
au.com.dius:pact-jvm-consumer-specs2_2.10 => +2.2.2, +2.2.3, +2.2.4, +2.2.5
au.com.dius:pact-jvm-consumer-specs2_2.11 => +2.2.2, +2.2.3, +2.2.4, +2.2.5
au.com.dius:pact-jvm-consumer_2.10 => +2.2.2, +2.2.3, +2.2.4, +2.2.5
au.com.dius:pact-jvm-consumer_2.11 => +2.2.2, +2.2.3, +2.2.4, +2.2.5
au.com.dius:pact-jvm-matchers_2.10 => +2.2.2, +2.2.3, +2.2.4, +2.2.5
au.com.dius:pact-jvm-matchers_2.11 => +2.2.2, +2.2.3, +2.2.4, +2.2.5
au.com.dius:pact-jvm-model_2.10 => +2.2.2, +2.2.3, +2.2.4, +2.2.5
au.com.dius:pact-jvm-model_2.11 => +2.2.2, +2.2.3, +2.2.4, +2.2.5
au.com.dius:pact-jvm-provider-gradle_2.10 => +2.2.2, +2.2.3, +2.2.4, +2.2.5
au.com.dius:pact-jvm-provider-gradle_2.11 => +2.2.2, +2.2.3, +2.2.4, +2.2.5
au.com.dius:pact-jvm-provider-maven_2.10 => +2.2.2, +2.2.3, +2.2.4, +2.2.5
au.com.dius:pact-jvm-provider-maven_2.11 => +2.2.2, +2.2.3, +2.2.4, +2.2.5
au.com.dius:pact-jvm-provider-sbt_2.10_0.13 => +1.1, +1.10, +1.11, +1.12, +1.2, +1.3, +1.4, +1.5, +1.6, +1.7, +1.8, +1.9, +2.0-RC1, +2.0-RC3, +2.0-RC4, +2.0-RC5, +2.0.3, +2.2.0, +2.2.1, +2.2.11, +2.2.12, +2.2.13, +2.2.14, +2.2.15, +2.2.2, +2.2.3, +2.2.4, +2.2.5, +2.3.0, +2.3.1, +2.3.2, +2.3.3, +2.4.0, +2.4.1, +2.4.10, +2.4.11, +2.4.12, +2.4.13, +2.4.14, +2.4.16, +2.4.17, +2.4.18, +2.4.19, +2.4.2, +2.4.3, +2.4.4, +2.4.5, +2.4.6, +2.4.7, +2.4.8, +2.4.9
au.com.dius:pact-jvm-provider-specs2_2.10 => +2.2.2, +2.2.3, +2.2.4, +2.2.5
au.com.dius:pact-jvm-provider-specs2_2.11 => +2.2.2, +2.2.3, +2.2.4, +2.2.5
au.com.dius:pact-jvm-provider_2.10 => +2.2.2, +2.2.3, +2.2.4, +2.2.5
au.com.dius:pact-jvm-provider_2.11 => +2.2.2, +2.2.3, +2.2.4, +2.2.5
au.com.dius:pact-jvm-server_2.10 => +2.2.2, +2.2.3, +2.2.4, +2.2.5
au.com.dius:pact-jvm-server_2.11 => +2.2.2, +2.2.3, +2.2.4, +2.2.5
au.com.dius:pact-specification-test_2.10 => +2.2.2, +2.2.3, +2.2.4, +2.2.5
au.com.dius:pact-specification-test_2.11 => +2.2.2, +2.2.3, +2.2.4, +2.2.5
au.com.redboxresearchdata.fascinator:plugin-sso-rapidaaf => +1.1, +1.2
avalon-activation:avalon-activation-api => -1.1-dev, -1.2-dev, -1.2.1-dev, -2.0-DEV, +2.0.dev-0
avalon-activation:avalon-activation-impl => -1.1-dev, -1.2-dev, -1.2.1-dev, -1.2.2-dev, -1.2.3-dev, -2.0-DEV, +2.0.dev-0
avalon-activation:avalon-activation-spi => -1.1-dev, -1.2-dev, -1.2.1-dev, -1.2.2-dev, -2.0-DEV
avalon-composition:avalon-composition-api => -1.1-dev, -1.2-dev, -1.2.1-dev, -2.0-DEV, +2.0.dev-0
avalon-composition:avalon-composition-impl => -1.1-dev, -1.2-dev, -1.2.1-dev, -1.2.2-dev, -2.0-DEV, +2.0.dev-0
avalon-composition:avalon-composition-spi => -1.1-dev, -1.2-dev, -1.2.1-dev, -2.0-DEV, +2.0.dev-0
avalon-framework:avalon-framework => -4.1.5-dev, +4.1.5-RC3, +4.1.5.src
avalon-framework:avalon-framework-api => -4.1.5-dev
avalon-framework:avalon-framework-impl => -4.1.5-dev
avalon-logging:avalon-logging-api => +1.0.dev-0
avalon-logging:avalon-logging-impl => +1.0.dev-0
avalon-logging:avalon-logging-logkit-api => +1.0.dev-0
avalon-logging:avalon-logging-logkit-impl => +1.0.dev-0
avalon-logging:avalon-logging-spi => +1.0.dev-0
avalon-meta:avalon-meta-api => -1.2-dev, -1.2.1-dev, +1.4.dev-0
avalon-meta:avalon-meta-impl => -1.2-dev, -1.2.1-dev, +1.4.dev-0
avalon-meta:avalon-meta-plugin => +1.4.dev-0
avalon-meta:avalon-meta-spi => -1.2-dev, -1.2.1-dev, +1.4.dev-0
avalon-meta:avalon-meta-tools => -1.2-dev, -1.2.1-dev, +1.4.dev-0
avalon-repository:avalon-repository-api => -1.2-dev, +2.0.dev-0
avalon-repository:avalon-repository-cli => +2.0.dev-0
avalon-repository:avalon-repository-impl => -1.1-dev, -1.2-dev, +2.0.dev-0
avalon-repository:avalon-repository-main => -1.2-dev, +2.0.dev-0
avalon-repository:avalon-repository-spi => -1.1-dev, -1.2-dev, +2.0.dev-0
avalon-repository:avalon-repository-util => -1.2-dev, +2.0.dev-0
avalon-util:avalon-plugin => -1.0-dev
avalon-util:avalon-util-criteria => -1.0-dev, +1.1.dev-0
avalon-util:avalon-util-defaults => -1.0-dev, -1.1-dev, +1.2.dev-0
avalon-util:avalon-util-env => -1.0-dev, +1.1.dev-0
avalon-util:avalon-util-exception => -1.0-dev
avalon-util:avalon-util-extension-api => +1.2.dev-0
avalon-util:avalon-util-extension-impl => +1.2.dev-0
avalon-util:avalon-util-plugin => +1.0.dev-0
axion:axion => -1.0-dev.20020822.054820, -1.0-dev.20020830.060007
batik:batik-awt-util => +1.6-1
batik:batik-bridge => +1.6-1
batik:batik-css => +1.6-1
batik:batik-dom => +1.6-1
batik:batik-ext => +1.6-1
batik:batik-extension => +1.6-1
batik:batik-gui-util => +1.6-1
batik:batik-gvt => +1.6-1
batik:batik-parser => +1.6-1
batik:batik-rasterizer => +1.6-1
batik:batik-rasterizer-ext => +1.6-1
batik:batik-script => +1.6-1
batik:batik-slideshow => +1.6-1
batik:batik-squiggle => +1.6-1
batik:batik-squiggle-ext => +1.6-1
batik:batik-svg-dom => +1.6-1
batik:batik-svggen => +1.6-1
batik:batik-svgpp => +1.6-1
batik:batik-swing => +1.6-1
batik:batik-transcoder => +1.6-1
batik:batik-ttf2svg => +1.6-1
batik:batik-util => +1.6-1
batik:batik-xml => +1.6-1
be.fluid-it.tools.dropwizard:wizard-in-a-box => +0.8-1-3
be.mjosoft:MjoSoft-APNService => +1.0.0
be.objectify:deadbolt-core_2.10 => +2.4.0
be.objectify:deadbolt-core_2.11 => +2.4.0
be.objectify:deadbolt-scala_2.10 => +2.4.0, +2.4.0.1
be.objectify:deadbolt-scala_2.11 => +2.4.0, +2.4.0.1
berkano:berkano-sample => +20050616.014153, +20050805.042414, +20050809.143841, +20050901.194114
berkeleydb:je => +3.2.44, +3.2.76
biz.enef:scalajs-angulate_sjs0.6_2.11 => +0.2.1
biz.paluch.redis:lettuce => -4.1.1.Final
blissed:blissed => -1.0-beta-2-dev.20020919.093629, -1.0-beta-2-dev.20020925.044559, -1.0-beta-3-dev
boo:boo => +0.2, +0.3, +0.4, +0.4.1, +0.4.2, +0.4.3, +0.4.4, +0.4.5, +0.5, +0.5.1, +0.5.2, +0.5.3.1544, +0.5.4.1629, +0.5.5.1651, +0.5.6.1694, +0.5.6.1701, +0.5.6.1734.pkg, +0.6.0.1858, +0.7.6.2063, +0.7.6.2102, +0.7.6.2107, +0.7.6.2113, +0.7.6.2117, +0.7.6.2122, +0.7.6.2123, +0.7.6.2127, +0.7.6.2130, +0.7.6.2136, +0.7.6.2144, +0.7.6.2150, +0.7.6.2156, +0.7.6.2160
bouncycastle:bcmail-jdk14 => +138, +139
bouncycastle:bcprov-jdk14 => +138, +139
bouncycastle:bcprov-jdk15 => +133, +135, +136
br.com.caelum.stella:caelum-stella => +1.0, +1.1, +1.2
br.com.caelum.stella:caelum-stella-boleto => +1.0, +1.1, +1.2
br.com.caelum.stella:caelum-stella-core => +1.0, +1.1, +1.2
br.com.caelum.stella:caelum-stella-faces => +1.0, +1.1, +1.2
br.com.caelum.stella:hibernate-persistence-example => +1.0, +1.1, +1.2
br.com.caelum.stella:stella-distribution => +1.0, +1.1, +1.2
br.com.caelum.stella:vraptor-validator-example => +1.0, +1.1, +1.2
br.com.caelum.vraptor:vraptor-brutauth => +4.0.0.Final, +4.0.1
br.com.caelum.vraptor:vraptor-error-control => +4.0.0.Final
br.com.caelum.vraptor:vraptor-hibernate => +4.0.0.Final, +4.0.3
br.com.caelum.vraptor:vraptor-jpa => +4.0.0.Final
br.com.caelum.vraptor:vraptor-quartzjob => +4.0.0.Final
br.com.geraldoferraz:scanyourpath => +1.1.1
br.com.liveo:navigationdrawer-material => +2.3.3
br.com.livroandroid:android-utils => +0.0.6
br.com.objectos:auto => +0.4.1, +0.4.2, +0.4.3, +0.4.4
br.com.objectos:code => +0.4.1, +0.4.2, +0.4.3, +0.4.4, +0.4.5
br.com.objectos:code-apt => +0.4.1, +0.4.2, +0.4.3, +0.4.4, +0.4.5
br.com.objectos:code-core => +0.4.1, +0.4.2, +0.4.3, +0.4.4, +0.4.5
br.com.objectos:code-pojo => +0.4.1, +0.4.2, +0.4.3, +0.4.4, +0.4.5
br.com.objectos:code-testing => +0.4.1, +0.4.2, +0.4.3, +0.4.4, +0.4.5
br.com.objectos:core => +0.2.0
br.com.objectos.html:api => -0.2.0
br.com.objectos.html:boot => -0.2.0
br.com.objectos.html:core => -0.2.0
br.com.objectos.html:parent => -0.2.0
br.com.objectos.html:writer => -0.2.0
br.com.objectos:sql => +0.6.0, +0.6.1
br.com.objectos:sql-compiler => +0.6.0, +0.6.1
br.com.objectos:sql-core => +0.6.0, +0.6.1
br.com.objectos:sql-it => +0.6.0, +0.6.1
br.com.objectos:sql-legacy => +0.6.0, +0.6.1
br.com.objectos:sql-maven-plugin => +0.6.0, +0.6.1
br.com.objectos:ui => +0.2.0
br.com.objectos:ui-legacy => +0.2.0
br.com.objectos:ui-reports => +0.2.0
br.com.objectos:way => +2.4.0, +2.5.0
br.com.objectos:way-base => +2.4.0, +2.5.0
br.com.objectos:way-core => +2.4.0, +2.5.0
br.com.objectos:way-cron => +2.4.0, +2.5.0
br.com.objectos:way-sqlunit => +2.4.0, +2.5.0
br.gov.frameworkdemoiselle:demoiselle-documentation-parent => -4-SNAPSHOT, +3
bsf:bsf => +2.4.0
bsh:bsh => +1.2, +2.0b4
c3p0:c3p0 => +0.9.0-pre5, +0.9.0.4, +0.9.1, +0.9.1.1, +0.9.1.2
ca.barrenechea.header-decor:header-decor => +0.2.3, +0.2.4
ca.exprofesso:guava-jcache => -1.0.1
ca.juliusdavies:not-yet-commons-ssl => +0.3.11
ca.mestevens.ios:xcode-maven-plugin => -0.8.1
ca.pjer:chatter-bot-api => +1.3.3
ca.umontreal.iro.simul:ssj => +3.0.0
cactus:cactus => +13-1.6dev
cactus:cactus-ant => +13-1.6dev
cactus:cactus-maven => +1.6dev-20031031, +1.6dev-20040115, +1.6dev-20040226, +1.7.2, +1.7dev-20040815
cargo:cargo-maven-plugin => +0.7
castor:castor => +0.9.5-xml, +0.9.6-xml, +0.9.9.0-pre
cc.mallet:mallet => +2.0.7, +2.0.7-RC2
cc.protea.crmtext:crmtext => -.1, +0.1
cc.roden:marathon-client => +0.4.7
cd.go.plugin:go-plugin-api-experimental => +15.2.0-2055, +15.2.0-2067, +15.2.0-2090, +15.2.0-2093, +15.2.0-2132, +15.2.0-2143, +15.2.0-2145, +15.2.0-2149, +15.2.0-2153
cewolf:cewolf => +0.10.3, +0.12.0, +1.0
cglib:cglib-nodep => -2.1-nodep, +2.1
ch.digitalfondue.jfiveparse:jfiveparse => +0.5.3
ch.digitalfondue.stampo:stampo => +1.2
ch.digitalfondue.stampo:stampo-maven-plugin => +1.2
ch.epfl.lamp:scala-records_2.10 => +0.4
ch.ethz.ganymed:ganymed-ssh2 => +build206, +build207, +build208, +build209, +build210
ch.hortis.sonar:db-maven-plugin => +1.0, +1.0-beta
ch.hortis.sonar:sonar => +0.2, +1.0, +1.0-beta
ch.hortis.sonar:sonar-application => +1.0, +1.0-beta
ch.hortis.sonar:sonar-commons => +0.2, +1.0, +1.0-beta
ch.hortis.sonar:sonar-core => +1.0, +1.0-beta
ch.hortis.sonar:sonar-db-embedder => +1.0, +1.0-beta
ch.hortis.sonar:sonar-maven-plugin => +0.2, +1.0, +1.0-beta
ch.hortis.sonar:sonar-web => +1.0, +1.0-beta
ch.hsr:geohash => +1.1.0
ch.inftec.flyway:flyway-extension => -1.0.0-FE-CORE-REL_PR11-1
ch.inftec.flyway:flyway-extension-commandline => -1.0.0-FE-CORE-REL_PR11-1
ch.inftec.flyway:flyway-extension-core => -1.0.0-FE-CORE-REL_PR11-1
ch.inftec.flyway:flyway-extension-example => -1.0.0-FE-CORE-REL_PR11-1
ch.marcus-schulte.maven:hivedoc-plugin => +1.0.1, +1.0.2
ch.qos.cal10n:cal10n-api => +0.5.1, +0.6, +0.6.5, +0.7, +0.7.2, +0.7.3, +0.7.4
ch.qos.cal10n:cal10n-parent => +0.5.1, +0.6, +0.6.5, +0.7, +0.7.2, +0.7.3, +0.7.4
ch.qos.cal10n:cal10n-site => +0.5.1, +0.6, +0.6.5, +0.7, +0.7.2, +0.7.3, +0.7.4
ch.qos.cal10n:maven-cal10n-plugin-smoke => +0.5.1, +0.6, +0.6.5, +0.7, +0.7.2, +0.7.3, +0.7.4
ch.qos.cal10n.plugins:maven-cal10n-plugin => +0.5.1, +0.6, +0.6.5, +0.7, +0.7.2, +0.7.3, +0.7.4
ch.qos.logback:audit-client => +0.5
ch.qos.logback:audit-common => +0.5
ch.qos.logback:audit-examples => +0.5
ch.qos.logback:audit-parent => +0.5
ch.qos.logback:audit-server => +0.5
ch.qos.logback:audit-site => +0.5
ch.qos.logback:logback => +0.2.5, +0.3
ch.qos.logback:logback-access => +${parent.version}
ch.qos.mistletoe:mistletoe-core => +0.2
ch.qos.mistletoe:mistletoe-parent => +0.2
ch.qos.mistletoe:mistletoe-servlet => +0.2
ch.qos.mistletoe:mistletoe-site => +0.2
ch.qos.mistletoe:mistletoe-test => +0.2
ch.qos.mistletoe:mistletoe-wicket => +0.2
ch.ringler.tools:m2cachecleanup => +1.0.2
ch.sidorenko.scoverage:scalac-scoverage-plugin_2.10 => +1.0.5-JS
ch.sidorenko.scoverage:scalac-scoverage-plugin_2.11 => +1.0.5-JS
ch.sidorenko.scoverage:scalac-scoverage-runtime_2.10 => +1.0.5-JS
ch.sidorenko.scoverage:scalac-scoverage-runtime_2.11 => +1.0.5-JS
ch.sidorenko.scoverage:scalac-scoverage-runtime_sjs0.6_2.10 => +1.0.5-JS
ch.sidorenko.scoverage:scalac-scoverage-runtime_sjs0.6_2.11 => +1.0.5-JS
ch.simas.qlrm:qlrm => +1.6.5
checkstyle:checkstyle => +4.2, +4.3, +4.4, +5.0, +5.0-beta01
checkstyle:checkstyle-optional => +4.2, +4.3, +4.4
clover:clover => +1.3.12
cn.bingoogolapple:bga-banner => +2.0.0
cn.bingoogolapple:bga-refreshlayout => -1.1.4, +1.0.3
cn.com.binging:excel => +2.0
cn.com.riversoft:weixin-common => -0.7.3, -0.7.4
cn.com.riversoft:weixin-mp => -0.7.3, -0.7.4
cn.com.riversoft:weixin-parent => -0.7.3, -0.7.4
cn.com.riversoft:weixin-pay => -0.7.3, -0.7.4
cn.com.riversoft:weixin-qydev => -0.7.3, -0.7.4
cn.com.riversoft:weixin-sdk => -0.7.3, -0.7.4
cn.dreampie:jfinal-dreampie => +1.0.0
cn.flyzy2005:daoutil => +7
cn.songxinqiang:ssmv-parent => +1.0.2
cn.zkdcloud:weChat => +0.1-RELEASE
co.actioniq.thirdparty.ohnosequences:ivy-s3-resolver => -0.8.0
co.cask.common:common => +0.7.0
co.cask.common:common-cli => +0.7.0
co.cask.common:common-config => +0.7.0
co.cask.common:common-core => +0.7.0
co.cask.common:common-http => +0.7.0
co.cask.common:common-io => +0.7.0
co.cask.common:common-lang => +0.7.0
co.cask.common:common-security => +0.7.0
co.luminositylabs.oss.distributions:payara-web => -4.1.1.154
co.openfin:openfin-desktop-java-adapter => +4.40.2.6
co.realtime:messaging-android => +2.1.52
co.realtime:storage-android => +1.0.26
co.teapot:tempest_2.11 => -0.8.0
co.trikita:log => +1.1.1, +1.1.3
cobertura:cobertura => +1.9rc1
cocoon:cocoon => +2.1.11
cocoon:cocoon-ajax => +2.1.11
cocoon:cocoon-apples => +2.1.11
cocoon:cocoon-asciiart => +2.1.11
cocoon:cocoon-authentication-fw => +2.1.11
cocoon:cocoon-axis => +2.1.11
cocoon:cocoon-batik => +2.1.11
cocoon:cocoon-bsf => +2.1.11
cocoon:cocoon-captcha => +2.1.11
cocoon:cocoon-chaperon => +2.1.11
cocoon:cocoon-cron => +2.1.11
cocoon:cocoon-databases => +2.1.11
cocoon:cocoon-deli => +2.1.11
cocoon:cocoon-deprecated => +2.1.11
cocoon:cocoon-eventcache => +2.1.11
cocoon:cocoon-faces => +2.1.11
cocoon:cocoon-fop => +2.1.11
cocoon:cocoon-forms => +2.1.11
cocoon:cocoon-hsqldb => +2.1.11
cocoon:cocoon-html => +2.1.11
cocoon:cocoon-imageop => +2.1.11
cocoon:cocoon-itext => +2.1.11
cocoon:cocoon-javaflow => +2.1.11
cocoon:cocoon-jfor => +2.1.11
cocoon:cocoon-jms => +2.1.11
cocoon:cocoon-jsp => +2.1.11
cocoon:cocoon-linkrewriter => +2.1.11
cocoon:cocoon-linotype => +2.1.11
cocoon:cocoon-lucene => +2.1.11
cocoon:cocoon-mail => +2.1.11
cocoon:cocoon-midi => +2.1.11
cocoon:cocoon-naming => +2.1.11
cocoon:cocoon-ojb => +2.1.11
cocoon:cocoon-paranoid => +2.1.11
cocoon:cocoon-petstore => +2.1.11
cocoon:cocoon-poi => +2.1.11
cocoon:cocoon-portal => +2.1.11
cocoon:cocoon-profiler => +2.1.11
cocoon:cocoon-proxy => +2.1.11
cocoon:cocoon-python => +2.1.11
cocoon:cocoon-qdox => +2.1.11
cocoon:cocoon-querybean => +2.1.11
cocoon:cocoon-repository => +2.1.11
cocoon:cocoon-serializers => +2.1.11
cocoon:cocoon-session-fw => +2.1.11
cocoon:cocoon-slide => +2.1.11
cocoon:cocoon-slop => +2.1.11
cocoon:cocoon-stx => +2.1.11
cocoon:cocoon-taglib => +2.1.11
cocoon:cocoon-template => +2.1.11
cocoon:cocoon-testcase => +2.1.11
cocoon:cocoon-tour => +2.1.11
cocoon:cocoon-validation => +2.1.11
cocoon:cocoon-velocity => +2.1.11
cocoon:cocoon-web3 => +2.1.11
cocoon:cocoon-webdav => +2.1.11
cocoon:cocoon-xmldb => +2.1.11
cocoon:cocoon-xsltal => +2.1.11
cocoon:cocoon-xsp => +2.1.11
com.101tec:zkclient => +0.5
com.17jee:e-common => +3.0.0.0
com.aaronbedra:orchard => +0.0.2
com.abiquo:platform => +3.2.5, +3.4.1
com.adaptc.mws:plugins-commons => +1.0
com.adaptc.mws:plugins-testing => +1.0
com.addhen.android:raiburari => +2.1.0, +2.2.0
com.addthis:basis => +3.0.1
com.adgear:anoa => +3.1.2
com.adgear:anoa-compiler => +3.1.2
com.adgear:anoa-core => +3.1.2
com.adgear:anoa-language => +3.1.2
com.adgear:anoa-library => +3.1.2
com.adgear:anoa-maven-plugin => +3.1.2
com.adgear:anoa-tests => +3.1.2
com.adgear:anoa-tools => +3.1.2
com.adjust.sdk:adjust-android => +4.0.8
com.adlocus:library => +1.0.0.0
com.adrianhurt:play-bootstrap3_2.10 => +0.4.4-P23, +0.4.4-P24
com.adrianhurt:play-bootstrap3_2.11 => +0.4.4-P23, +0.4.4-P24
com.aegisql:conveyor => -1.0.1
com.agical.rmock:rmock => +2.0.0-rc-5, +2.0.0-rc-6
com.agical.rmock:rmock-ext-gui => +0.1.1, +2.0.0-rc-6
com.agilejava.docbkx:docbkx => +2.0.10, +2.0.11, +2.0.12, +2.0.13, +2.0.14, +2.0.6, +2.0.7, +2.0.8, +2.0.9
com.agilejava.docbkx:docbkx-builder-maven-plugin => +2.0.10, +2.0.11, +2.0.12, +2.0.13, +2.0.14, +2.0.7, +2.0.8, +2.0.9
com.agilejava.docbkx:docbkx-fop-support => +2.0.10, +2.0.11, +2.0.12, +2.0.13, +2.0.14, +2.0.8, +2.0.9
com.agilejava.docbkx:docbkx-maven-base => +2.0.10, +2.0.11, +2.0.12, +2.0.13, +2.0.14, +2.0.6, +2.0.7, +2.0.8, +2.0.9
com.agilejava.docbkx:docbkx-maven-plugin => +2.0.10, +2.0.11, +2.0.12, +2.0.13, +2.0.14, +2.0.6, +2.0.7, +2.0.8, +2.0.9
com.agilejava.docbkx:docbkx-quickstart-archetype => +2.0.10, +2.0.11, +2.0.12, +2.0.13, +2.0.14
com.agilejava.docbkx:docbkx-samples => +2.0.10, +2.0.11, +2.0.12, +2.0.13, +2.0.14, +2.0.7, +2.0.8, +2.0.9
com.airbnb.android:react-native-maps => +0.12.5
com.airhacks.rulz:jaxrsclient => +0.0.1
com.airnauts:toolkit => +1.3.0, +1.4.0, +1.4.1, +1.4.2
com.akathist.maven.plugins.launch4j:launch4j-maven-plugin => +1.5.1
com.alexecollins.docker:docker-java-orchestration => +2.9.2
com.alexecollins.docker:docker-java-orchestration-core => +2.9.2
com.alexecollins.docker:docker-java-orchestration-model => +2.9.2
com.alexecollins.docker:docker-java-orchestration-plugin-api => +2.9.2
com.alexecollins.docker:docker-java-orchestration-plugin-boot2docker => +2.9.2
com.alexecollins.docker:docker-maven-plugin => +2.9.2
com.alexvasilkov:events => +0.4.0
com.alexvasilkov:gradle-vcs-dependency => +0.2.3
com.algolia:algoliasearch-android => +3.5.0, +3.8.0, +3.9.0
com.algolia:algoliasearch-offline-android => +3.5.0, +3.8.0, +3.9.0
com.algolia:instantsearch-android => +1.0.2
com.alibaba.edas:edas-sdk => +1.6.0
com.alibaba:multithread.context => +1.2.0
com.aliyun:aliyun-java-sdk-core => -2.3.6
com.aliyun:aliyun-java-sdk-httpdns => -2.0.0
com.aliyun.openservices:log-loghub-producer => +0.1.0
com.alkacon:alkacon-simapi => +0.9.8
com.almworks.jira.structure:structure-api => -10.1.0, -12.0.0
com.alpinenow:alpine-model-api => -1.5-beta
com.alpinenow:alpine-model-pack => -1.5-beta
com.alpinenow:common => -1.5-beta
com.alpinenow:plugin-core => -1.5-beta
com.alpinenow:plugin-io-impl => -1.5-beta
com.alpinenow:plugin-model => -1.5-beta
com.alpinenow:plugin-spark => -1.5-beta
com.alpinenow:plugin-test => -1.5-beta
com.amazonaws:aws-android-sdk-autoscaling => +2.2.2
com.amazonaws:aws-android-sdk-cloudwatch => +2.2.2
com.amazonaws:aws-android-sdk-cognito => +2.1.3, +2.2.2
com.amazonaws:aws-android-sdk-core => +2.2.2
com.amazonaws:aws-android-sdk-ddb => +2.2.2
com.amazonaws:aws-android-sdk-ddb-mapper => +2.2.2
com.amazonaws:aws-android-sdk-ec2 => +2.2.2
com.amazonaws:aws-android-sdk-elb => +2.2.2
com.amazonaws:aws-android-sdk-kinesis => +2.2.2
com.amazonaws:aws-android-sdk-lambda => +2.2.2
com.amazonaws:aws-android-sdk-machinelearning => +2.2.2
com.amazonaws:aws-android-sdk-mobileanalytics => +2.2.2
com.amazonaws:aws-android-sdk-pom => +2.2.2
com.amazonaws:aws-android-sdk-s3 => +2.2.2
com.amazonaws:aws-android-sdk-sdb => +2.2.2
com.amazonaws:aws-android-sdk-ses => +2.2.2
com.amazonaws:aws-android-sdk-sns => +2.2.2
com.amazonaws:aws-android-sdk-sqs => +2.2.2
com.amazonaws:aws-java-sdk => +1.10.0, +1.10.1
com.amazonaws:aws-java-sdk-autoscaling => +1.10.0, +1.10.1
com.amazonaws:aws-java-sdk-cloudformation => +1.10.0, +1.10.1
com.amazonaws:aws-java-sdk-cloudfront => +1.10.0, +1.10.1
com.amazonaws:aws-java-sdk-cloudhsm => +1.10.0, +1.10.1
com.amazonaws:aws-java-sdk-cloudsearch => +1.10.0, +1.10.1
com.amazonaws:aws-java-sdk-cloudtrail => +1.10.0, +1.10.1
com.amazonaws:aws-java-sdk-cloudwatch => +1.10.0, +1.10.1
com.amazonaws:aws-java-sdk-cloudwatchmetrics => +1.10.0, +1.10.1
com.amazonaws:aws-java-sdk-codedeploy => +1.10.0, +1.10.1
com.amazonaws:aws-java-sdk-cognitoidentity => +1.10.0, +1.10.1
com.amazonaws:aws-java-sdk-cognitosync => +1.10.0, +1.10.1
com.amazonaws:aws-java-sdk-config => +1.10.0, +1.10.1
com.amazonaws:aws-java-sdk-core => +1.10.0, +1.10.1
com.amazonaws:aws-java-sdk-datapipeline => +1.10.0, +1.10.1
com.amazonaws:aws-java-sdk-directconnect => +1.10.0, +1.10.1
com.amazonaws:aws-java-sdk-directory => +1.10.0, +1.10.1
com.amazonaws:aws-java-sdk-dynamodb => +1.10.0, +1.10.1
com.amazonaws:aws-java-sdk-ec2 => +1.10.0, +1.10.1
com.amazonaws:aws-java-sdk-ecs => +1.10.0, +1.10.1
com.amazonaws:aws-java-sdk-efs => +1.10.0, +1.10.1
com.amazonaws:aws-java-sdk-elasticache => +1.10.0, +1.10.1
com.amazonaws:aws-java-sdk-elasticbeanstalk => +1.10.0, +1.10.1
com.amazonaws:aws-java-sdk-elasticloadbalancing => +1.10.0, +1.10.1
com.amazonaws:aws-java-sdk-elastictranscoder => +1.10.0, +1.10.1
com.amazonaws:aws-java-sdk-emr => +1.10.0, +1.10.1
com.amazonaws:aws-java-sdk-glacier => +1.10.0, +1.10.1
com.amazonaws:aws-java-sdk-iam => +1.10.0, +1.10.1
com.amazonaws:aws-java-sdk-importexport => +1.10.0, +1.10.1
com.amazonaws:aws-java-sdk-kinesis => +1.10.0, +1.10.1
com.amazonaws:aws-java-sdk-kms => +1.10.0, +1.10.1
com.amazonaws:aws-java-sdk-lambda => +1.10.0, +1.10.1
com.amazonaws:aws-java-sdk-logs => +1.10.0, +1.10.1
com.amazonaws:aws-java-sdk-machinelearning => +1.10.0, +1.10.1
com.amazonaws:aws-java-sdk-opsworks => +1.10.0, +1.10.1
com.amazonaws:aws-java-sdk-osgi => +1.10.0, +1.10.1
com.amazonaws:aws-java-sdk-pom => +1.10.0, +1.10.1
com.amazonaws:aws-java-sdk-rds => +1.10.0, +1.10.1
com.amazonaws:aws-java-sdk-redshift => +1.10.0, +1.10.1
com.amazonaws:aws-java-sdk-route53 => +1.10.0, +1.10.1
com.amazonaws:aws-java-sdk-s3 => +1.10.0, +1.10.1
com.amazonaws:aws-java-sdk-ses => +1.10.0, +1.10.1
com.amazonaws:aws-java-sdk-simpledb => +1.10.0, +1.10.1
com.amazonaws:aws-java-sdk-simpleworkflow => +1.10.0, +1.10.1
com.amazonaws:aws-java-sdk-sns => +1.10.0, +1.10.1
com.amazonaws:aws-java-sdk-sqs => +1.10.0, +1.10.1
com.amazonaws:aws-java-sdk-ssm => +1.10.0, +1.10.1
com.amazonaws:aws-java-sdk-storagegateway => +1.10.0, +1.10.1
com.amazonaws:aws-java-sdk-sts => +1.10.0, +1.10.1
com.amazonaws:aws-java-sdk-support => +1.10.0, +1.10.1
com.amazonaws:aws-java-sdk-swf-libraries => +1.10.0, +1.10.1
com.amazonaws:aws-java-sdk-workspaces => +1.10.0, +1.10.1
com.andreytim.jafar:jafar-prim => +0.0.1, +0.0.2
com.anjlab.android.iab.v3:library => +1.0.26
com.anrisoftware.sscontrol:sscontrol-cli-parent => +1.0-alpha-3
com.aol.cyclops:cyclops-base => +4.0.3
com.aol.cyclops:cyclops-core => -7.2.2, +4.0.3
com.aol.cyclops:cyclops-feature-toggle => -7.2.2
com.aol.cyclops:cyclops-for-comprehensions => -7.2.2, +4.0.3
com.aol.cyclops:cyclops-functionaljava => -7.2.2
com.aol.cyclops:cyclops-functions => -7.2.2, +4.0.3
com.aol.cyclops:cyclops-guava => -7.2.2
com.aol.cyclops:cyclops-invokedynamic => -7.2.2
com.aol.cyclops:cyclops-javaslang => -7.2.2
com.aol.cyclops:cyclops-mixins => -7.2.2
com.aol.cyclops:cyclops-monad-api => -7.2.2
com.aol.cyclops:cyclops-monad-functions => -7.2.2
com.aol.cyclops:cyclops-pattern-matching => -7.2.2, +4.0.3
com.aol.cyclops:cyclops-pattern-matching-collections => -7.2.2
com.aol.cyclops:cyclops-pattern-matching-recursive => -7.2.2
com.aol.cyclops:cyclops-power-tuples => +4.0.3
com.aol.cyclops:cyclops-sequence-api => -7.2.2
com.aol.cyclops:cyclops-streams => -7.2.2
com.aol.cyclops:cyclops-trampoline => -7.2.2, +4.0.3
com.aol.cyclops:cyclops-try => -7.2.2, +4.0.3
com.aol.cyclops:cyclops-tuples => -7.2.2
com.aol.cyclops:cyclops-validation => -7.2.2
com.aol.microservices:micro-application-register => -0.75
com.aol.microservices:micro-boot => -0.75
com.aol.microservices:micro-client => -0.75
com.aol.microservices:micro-core => -0.75
com.aol.microservices:micro-cors => -0.75
com.aol.microservices:micro-couchbase => -0.75
com.aol.microservices:micro-events => -0.75
com.aol.microservices:micro-grizzly => -0.75
com.aol.microservices:micro-grizzly-with-jersey => -0.75
com.aol.microservices:micro-guava => -0.75
com.aol.microservices:micro-hibernate => -0.75
com.aol.microservices:micro-ip-tracker => -0.75
com.aol.microservices:micro-javaslang => -0.75
com.aol.microservices:micro-jdbc => -0.75
com.aol.microservices:micro-jersey => -0.75
com.aol.microservices:micro-machine-stats => -0.75
com.aol.microservices:micro-metrics => -0.75
com.aol.microservices:micro-mysql => -0.75
com.aol.microservices:micro-reactive => -0.75
com.aol.microservices:micro-swagger => -0.75
com.aol.microservices:microserver-boot => +0.58
com.aol.microservices:microserver-core => +0.58
com.aol.simplereact:simple-react => -0.3, +0.95, +0.96
com.apm4all.tracy:Tracy => -3.5.2
com.applause:applause-sdk => +2.9.2
com.appnexus.opensdk:appnexus-sdk => +2.3
com.appnexus.opensdk.mediatedviews:appnexus-amazon-mediation => +2.3.0-5.6.20
com.appnexus.opensdk.mediatedviews:appnexus-chartboost-mediation => +2.3.0-5.4.1
com.appnexus.opensdk.mediatedviews:appnexus-facebook-mediation => +2.3.0-4.2.0
com.appnexus.opensdk.mediatedviews:appnexus-googleplay-mediation => +2.3.0-7.5.0
com.appnexus.opensdk.mediatedviews:appnexus-inmobi-mediation => +2.3.0-4.5.5
com.appnexus.opensdk.mediatedviews:appnexus-millennialmedia-mediation => +2.3.0-5.4.0
com.appnexus.opensdk.mediatedviews:appnexus-mopub-mediation => +2.3.0-3.8.0
com.appnexus.opensdk.mediatedviews:appnexus-vdopia-mediation => +2.3.0-lw
com.appnexus.opensdk.mediatedviews:appnexus-vungle-mediation => +2.3.0-3.3.0
com.appyvet:materialrangebar => +1
com.aranea-apps.android.libs:android-commons => +1.0.0.0
com.arasthel:swissknife => +1.3.2, +1.3.3
com.arconsis:datarobot.api => +0.1.4
com.arconsis:datarobot.processor => +0.1.4
com.arello-mobile:moxy => -0.4.1
com.arello-mobile:moxy-android => -0.4.1
com.arello-mobile:moxy-compiler => -0.4.1
com.arpnetworking.logback:logback-steno => +1.9.0, +1.9.1, +1.9.2
com.arpnetworking.metrics:metrics-aggregator-daemon => -1.0.0
com.arpnetworking.metrics:metrics-client => +0.4.6-GRPN.1
com.artit-k:license-fragment => +1.1.0
com.artofsolving:jodconverter => +2.2.0, +2.2.1
com.artofsolving:jodconverter-maven-plugin => +2.2.1
com.asual.lesscss:lesscss-engine => +1.2.11, +1.3.0
com.asual.lesscss:lesscss-servlet => +1.2.11, +1.3.0
com.atlassian.asap:asap-client-core => -2.14.3, -2.14.4
com.atlassian.asap:asap-client-feign => -2.14.3, -2.14.4
com.atlassian.asap:asap-client-jersey1 => -2.14.3, -2.14.4
com.atlassian.asap:asap-client-jersey2 => -2.14.3, -2.14.4
com.atlassian.asap:asap-client-parent => -2.14.3, -2.14.4
com.atlassian.asap:asap-client-spring => -2.14.3, -2.14.4
com.atlassian.asap:asap-common => -2.14.3, -2.14.4
com.atlassian.asap:asap-examples => -2.14.3, -2.14.4
com.atlassian.asap:asap-integration-tests => -2.14.3, -2.14.4
com.atlassian.asap:asap-parent => -2.14.3, -2.14.4
com.atlassian.asap:asap-server-core => -2.14.3, -2.14.4
com.atlassian.asap:asap-server-jersey1 => -2.14.3, -2.14.4
com.atlassian.asap:asap-server-jersey2 => -2.14.3, -2.14.4
com.atlassian.asap:asap-server-parent => -2.14.3, -2.14.4
com.atlassian.asap:asap-server-spring => -2.14.3, -2.14.4
com.atlassian.asap:asap-server-spring-security => -2.14.3, -2.14.4
com.atlassian.asap:asap-service-api => -2.14.3, -2.14.4
com.atlassian.asap:asap-service-core => -2.14.3, -2.14.4
com.atlassian.asap:asap-service-parent => -2.14.3, -2.14.4
com.atlassian.asap:asap-test-common => -2.14.3, -2.14.4
com.atlassian.maven.plugins:maven-clover2-plugin => +2.3.1, +2.3.2, +2.3.3-ATL1, +2.4.0, +2.4.1, +2.4.2, +2.4.3, +2.5.0, +2.5.1, +2.6.0, +2.6.0-M1, +2.6.0-M4, +2.6.1, +2.6.2, +2.6.2-r2, +2.6.3, +3.0.0, +3.0.0-m2, +3.0.0-m3, +3.0.0-m4, +3.0.0-m4r2, +3.0.0-m4r3, +3.0.1, +3.0.2, +3.0.2-SNAPSHOT, +3.0.4, +3.0.5, +3.1.0, +3.1.1, +3.1.10, +3.1.10.1, +3.1.11, +3.1.12, +3.1.12.1, +3.1.2, +3.1.2-SNAPSHOT, +3.1.3, +3.1.4, +3.1.5, +3.1.6, +3.1.7, +3.1.8, +3.2.0, +3.2.2, +3.3.0
com.atlassian.oai:swagger-request-validator => -1.2.2
com.atlassian.oai:swagger-request-validator-core => -1.2.2
com.atlassian.oai:swagger-request-validator-examples => -1.2.2
com.atlassian.oai:swagger-request-validator-mockmvc => -1.2.2
com.atlassian.oai:swagger-request-validator-pact => -1.2.2
com.atlassian.oai:swagger-request-validator-restassured => -1.2.2
com.atlassian.oai:swagger-request-validator-springmvc => -1.2.2
com.atlassian.oai:swagger-request-validator-wiremock => -1.2.2
com.atlassian.pom:base-pom => -4.0.28
com.atlassian.pom:central-pom => -4.0.28
com.atlassian.stash:stash-java-client => -2.1.1-490e744, -2.2.0
com.atlassian.stash:stash-java-client-api => -2.1.1-490e744, -2.2.0
com.atlassian.stash:stash-java-client-applinks => -2.1.1-490e744, -2.2.0
com.atlassian.stash:stash-java-client-core => -2.1.1-490e744, -2.2.0
com.atlassian.stash:stash-java-client-httpclient => -2.1.1-490e744, -2.2.0
com.atlassian.stash:stash-java-client-tests => -2.1.1-490e744, -2.2.0
com.atlassian.ta:wiremock-pact-generator => -0.0.1, -0.0.2, -0.0.3, -0.0.4, -0.0.5, -0.0.6
com.atomikos:atomikos-util => +3.2.3
com.atomikos:transactions => +3.2.3
com.atomikos:transactions-api => +3.2.3
com.atomikos:transactions-hibernate2 => +3.2.3
com.atomikos:transactions-hibernate3 => +3.2.3
com.atomikos:transactions-jta => +3.2.3
com.att.ajsc:sdk-camunda-archetype => +7.6.2-00
com.att.ajsc:sdk-java-aaf-interceptors => +6.0.0.7
com.att.ajsc:sdk-java-camel-archetype => +6.2.0.6
com.att.ajsc:sdk-java-camel-interceptor => +6.2.0.5
com.att.ajsc:sdk-java-camel-rest => +6.2.0.6
com.att.ajsc:sdk-java-camunda-core => +6.1.0.3
com.att.ajsc:sdk-java-common-interceptors => +6.1.0.6
com.att.ajsc:sdk-java-common-logging => +0.0.3
com.att.ajsc:sdk-java-configuration => +6.2.0.3, +6.2.0.4
com.att.ajsc:sdk-java-dao => +6.2.0.3, +6.2.0.5
com.att.ajsc:sdk-java-error => +6.2.0.6
com.at