# groupId -> prefix:artifactId = "name"
asia.redact.bracket.properties -> pcompiler:pcompiler-maven-plugin = "PCompiler Maven Plugin - Compiled Properties"
at.bestsolution -> bindex:bindex-maven-plugin = "bindex2 maven plugin"
at.bestsolution -> osgi-exec:maven-osgi-exec-plugin = "Maven OSGi Execution Plug-in"
at.bestsolution -> osgi-package:maven-osgi-package-plugin = "Maven OSGi Execution Plug-in"
at.makubi.maven.plugin -> avrohugger:avrohugger-maven-plugin = "Avrohugger Maven Plugin"
at.makubi.maven.plugin -> avrohugger_2.11:avrohugger-maven-plugin_2.11 = "Avrohugger Maven Plugin"
at.makubi.maven.plugin -> rpm-systemd:rpm-systemd-maven-plugin = "RPM Systemd Maven Plugin"
at.molindo -> git-commit-id:git-commit-id-plugin = "Git Commit Id Plugin Maven Mojo"
at.nonblocking -> nonsnapshot:nonsnapshot-maven-plugin = "Maven Nonsnapshot Plugin"
at.yawk.mdep -> mdep:mdep-maven-plugin = 
au.com.acegi -> xml-format:xml-format-maven-plugin = "XML Format Maven Plugin"
au.com.alderaan -> eclipselink-staticweave:eclipselink-staticweave-maven-plugin = "eclipselink-staticweave-maven-plugin Maven Mojo"
au.com.clearboxsystems.maven.plugins.nodejs -> nodejs:nodejs-maven-plugin = "NodeJs Maven Plugin"
au.net.causal.maven.native-security -> natsec:natsec-maven-plugin = "Maven Native Security Plugin"
au.net.causal.maven.plugins -> boxdb:boxdb-maven-plugin = "Boxed Database Maven Plugin"
au.net.causal.maven.plugins -> docker-image-archive:docker-image-archive-maven-plugin = "Docker Image Archive Maven Plugin"
au.net.causal.maven.plugins -> html2pdf:html2pdf-maven-plugin = "Maven HTML to PDF Converter Plugin"
be.hikage.maven.plugins -> xmlmerger:maven-xmlmerger-plugin = "maven-xmlmerger-plugin Maven Mojo"
be.hobbiton.maven -> linux-packaging:linux-packaging-maven-plugin = "Linux Packaging Maven Plugin"
biz.aQute.bnd -> bnd-baseline:bnd-baseline-maven-plugin = "biz.aQute.bnd:bnd-baseline-maven-plugin"
biz.aQute.bnd -> bnd-export:bnd-export-maven-plugin = "biz.aQute.bnd:bnd-export-maven-plugin"
biz.aQute.bnd -> bnd-indexer:bnd-indexer-maven-plugin = "biz.aQute.bnd:bnd-indexer-maven-plugin"
biz.aQute.bnd -> bnd:bnd-maven-plugin = "biz.aQute.bnd:bnd-maven-plugin"
biz.aQute.bnd -> bnd-resolver:bnd-resolver-maven-plugin = "biz.aQute.bnd:bnd-resolver-maven-plugin"
biz.aQute.bnd -> bnd-testing:bnd-testing-maven-plugin = "biz.aQute.bnd:bnd-testing-maven-plugin"
biz.gabrys.forks.com.samaxes.maven -> minify:minify-maven-plugin = "Minify Maven Plugin"
biz.gabrys.maven.plugins -> css-splitter:css-splitter-maven-plugin = "CSS Splitter Maven Plugin"
biz.gabrys.maven.plugins -> directory-content:directory-content-maven-plugin = "Directory Content Maven Plugin"
biz.gabrys.maven.plugins -> lesscss:lesscss-maven-plugin = "LessCSS Maven Plugin"
biz.neustar.maven.plugins -> sitebricks-doc-generator:sitebricks-doc-generator = "Sitebricks API Documentation Generator"
biz.paluch.maven.configurator -> configurator:configurator-maven-plugin = "Configurator Maven-Plugin"
br.com.anteros -> Anteros-Generator-Maven-Plugin:Anteros-Generator-Maven-Plugin = "Anteros Generator Maven Plugin"
br.com.anteros -> Anteros-RestDoc-Maven-Plugin:Anteros-RestDoc-Maven-Plugin = "Anteros Rest Documentation Maven Plugin"
br.com.ingenieux -> apigateway:apigateway-maven-plugin = 
br.com.ingenieux -> beanstalk:beanstalk-maven-plugin = 
br.com.ingenieux -> cloudformation:cloudformation-maven-plugin = 
br.com.ingenieux -> cloudfront:cloudfront-maven-plugin = 
br.com.ingenieux -> jbake:jbake-maven-plugin = 
br.com.ingenieux -> lambda:lambda-maven-plugin = 
br.com.ingenieux -> mapreduce:mapreduce-maven-plugin = 
br.com.ingenieux -> simpledb:simpledb-maven-plugin = 
br.com.ingenieux.cedarhero -> heroku:heroku-maven-plugin = "heroku-maven-plugin"
br.com.ingenieux.launchify -> launchify:launchify-maven-plugin = "launchify :: launchify-maven-plugin"
br.com.objectos -> aws-rds:aws-rds-maven-plugin = "objectos :: aws :: rds maven plugin"
br.com.objectos -> db9:db9-maven-plugin = "objectos :: db9 :: maven plugin"
br.com.objectos -> masche:masche-maven-plugin = "objectos :: masche :: maven plugin"
br.com.objectos -> sql:sql-maven-plugin = "objectos :: sql :: maven plugin"
br.com.objectos -> sql-meta:sql-meta-maven-plugin = "objectos :: sql :: meta :: maven plugin"
br.com.objectos.db -> bootstrap:bootstrap-maven-plugin = "objectos :: db :: bootstrap maven plugin"
br.com.ripoli.xico -> release-properties:release-properties = "RELEASE Properties Plugin"
br.com.softplan.security.zap -> zap:zap-maven-plugin = "ZAP Maven Plugin"
br.gov.frameworkdemoiselle.component.behave -> demoiselle-behave-regression-report:demoiselle-behave-regression-report = "Demoiselle Behave Regression Report"
ca.grimoire.maven -> apacheds:apacheds-maven-plugin = "ApacheDS Maven Plugin"
ca.mestevens.ios -> xcode:xcode-maven-plugin = "xcode-maven-plugin"
ca.mestevens.unity -> unity:unity-maven-plugin = "unity-maven-plugin"
ca.uhn.hapi -> hapi-sourcegen:hapi-sourcegen = "HAPI - Java HL7 API - Source Generator Plugin"
ca.uhn.hapi.fhir -> hapi-tinder:hapi-tinder-plugin = "HAPI Tinder Plugin"
ca.weblite -> mirah:maven-mirah-plugin = "maven-mirah-plugin"
cat.inspiracio -> orange:orange-maven-plugin = "Orange Servlet Maven Plugin"
cc.catalysts -> swagger-jaxrs:swagger-jaxrs-maven-plugin = "Swagger JAX-RS maven plugin"
cd.connect.common -> connect-gen-code-scanner:connect-gen-code-scanner = "connect-gen-code-scanner"
cd.connect.plugins -> connect-prescan:connect-prescan-plugin = "connect-prescan-plugin"
ch.acanda.maven -> spring-banner:spring-banner-plugin = "Spring Banner Plugin"
ch.cmbntr -> modulizer:modulizer-plugin = "Modulizer Maven Plugin"
ch.digitalfondue.jscover -> jscoverproxy:jscoverproxy-maven-plugin = "jscoverproxy-maven-plugin Maven Plugin"
ch.digitalfondue.stampo -> stampo:stampo-maven-plugin = "stampo-maven-plugin"
ch.fortysix -> postman:maven-postman-plugin = "Postman mail plugin"
ch.hortis.sonar -> db:db-maven-plugin = "Sonar database plugin"
ch.hortis.sonar -> sonar:sonar-maven-plugin = "Sonar maven2 plugin"
ch.ifocusit.livingdoc -> livingdoc:livingdoc-maven-plugin = "Living Documentation maven plugin"
ch.inftec.flyway -> flyway-extension:flyway-extension-maven-plugin = 
ch.inftec.ju -> ju:ju-maven-plugin = 
ch.ledcom.maven -> sitespeed:sitespeed-maven-plugin = "SiteSpeed.io Maven plugin"
ch.mfrey.maven.plugin -> copy:copy-maven-plugin = "Copy Maven Plugin"
ch.mfrey.maven.plugin -> file-rename:file-rename-maven-plugin = "File Rename Maven Plugin"
ch.qos.cal10n.plugins -> cal10n:maven-cal10n-plugin = "Compiler assisted localization library (CAL10N) -  Maven"
ch.racic.testing -> cm:cm-maven-plugin = "maven-cm-plugin Maven Mojo"
ch.racic.testing -> cm:maven-cm-plugin = "maven-cm-plugin Maven Mojo"
ch.rasc -> embeddedtc:embeddedtc-maven-plugin = "Embedded Tomcat Maven Plugin"
ch.ringler.tools -> m2cachecleanup:m2cachecleanup = "m2cachecleanup Maven Plugin"
ch.rotscher.flyway -> flyway-extension:flyway-extension-maven-plugin = 
ch.rotscher.maven.plugins -> dependency-attach:dependency-attach-plugin = "${project.artifactId}"
ch.rotscher.maven.plugins -> install-custom-version:install-custom-version-plugin = "${project.artifactId}"
ch.rotscher.maven.plugins -> install-version_override:install-version_override-plugin = "${project.artifactId}"
ch.sbb.maven.plugins -> iib:iib-maven-plugin = "iib-maven-plugin Maven Mojo"
ch.sbb.maven.plugins -> wmb7:maven-wmb7-plugin = "maven-wmb7-plugin Maven Mojo"
ch.sbb.releasetrain -> mojos:mavenmojos = 
ch.sourcepond.maven.plugins -> jenkins:jenkins-maven-plugin = "Jenkins Maven Plugin"
ch.sourcepond.maven.plugins -> multi-module-release:multi-module-release-maven-plugin = "The Multi Module Maven Release Plugin"
ch.sourcepond.maven.plugins -> repository-builder:repository-builder-plugin = "Repository Builder Maven Plugin"
cn.dalgen.plugins -> mybatis:mybatis-maven-plugin = "${project.groupId}:${project.artifactId}"
cn.dreampie -> coffeescript:coffeescript-maven-plugin = "Coffee Script Maven Plugin"
cn.dreampie -> flyway:flyway-maven-plugin = "flyway-maven-plugin"
cn.dreampie -> lesscss:lesscss-maven-plugin = "Coffee Script Maven Plugin"
cn.dreampie -> minify:minify-maven-plugin = "Minify Script Maven Plugin"
cn.ennwifi -> test:testplugin = "testplugin Maven Plugin"
cn.joylau.code -> joylau-compressors:joylau-compressor-plugins = "joylau-compressor-plugins Maven Mojo"
cn.joylau.code -> joylau-springboot-daemon-windows:joylau-springboot-daemon-windows = "joylau-springboot-daemon-windows Maven Mojo"
cn.mapway -> mapway:mapway-maven-plugin = "mapway-maven-plugin Maven Plugin"
cn.richinfo.agent.android -> agent:agent-maven-plugin = "RichAPM Android Agent Maven Plugin"
cn.shenyanchao.ut -> ut:ut-maven-plugin = "ut-maven-plugin"
cn.wanghaomiao -> seimicrawler:maven-seimicrawler-plugin = "SeimiCrawler Package Plugin"
co.escapeideas.maven -> ansible:ansible-maven-plugin = "ansible-maven-plugin Maven Plugin"
co.fizzed -> fizzed-stork:fizzed-stork-maven-plugin = "${project.artifactId}"
co.fizzed -> fizzed-versionizer:fizzed-versionizer-maven-plugin = "fizzed-maven-plugins-versionizer"
co.luminositylabs.oss.maven.plugins -> embedded-payara:embedded-payara-maven-plugin = "Payara Embedded Maven Plugin"
co.luminositylabs.oss.maven.plugins -> payara-micro:payara-micro-maven-plugin = "Payara Micro Maven Plugin"
co.mewf.humpty -> humpty:humpty-maven-plugin = "humpty-maven-plugin"
com.abstratt -> cloudfier:cloudfier-maven-plugin = "${project.groupId}:${project.artifactId}"
com.actionjava -> aj-assets:aj-assets = "ActionJava Assets"
com.addicticks.oss.maven -> httpsupload:httpsupload-maven-plugin = "HTTPS Upload Maven Plugin"
com.adeptj -> adeptj:adeptj-maven-plugin = "AdeptJ Maven Plugin for Supporting Bundle Development"
com.adgear -> anoa:anoa-maven-plugin = 
com.adgear -> anoa:anoa-plugin = 
com.adobe.granite.maven -> securecq:securecq-maven-plugin = "Cognifide's SecureCQ Apache Maven plugin"
com.aerse.maven -> apt:apt-maven-plugin = "deploy to apt"
com.aerse.maven -> deb:deb-maven-plugin = ".deb packages"
com.aerse.maven -> deps:deps-maven-plugin = "deps"
com.aerse.maven -> fingerprint:fingerprint-maven-plugin = "fingerprint-plugin"
com.agapsys -> jpa-scanner:jpa-scanner-maven-plugin = "JPA Class Scanner Maven Plugin"
com.agapsys -> rcf-scanner:rcf-scanner-maven-plugin = "REST Controller Framework (Scanner Maven Plugin)"
com.agapsys.plugins -> jpa-scanner:jpa-scanner-maven-plugin = "JPA Scanner Maven Plugin"
com.agapsys.plugins -> rcf-scanner:rcf-scanner-maven-plugin = "REST Controller Framework Scanner (Maven Plugin)"
com.agapsys.plugins -> security-scanner:security-scanner-maven-plugin = "Security Scanner Maven Plugin"
com.agical.rmock -> rmock:rmock-maven-plugin = "RMock Maven Plugin"
com.agifac.deploy -> replacer:replacer-maven-plugin = "Maven Plugin "${project.artifactId}""
com.agilejava.blammo -> blammo:blammo-maven-plugin = "Maven Blammo Plug-in"
com.agilejava.docbkx -> docbkx-builder:docbkx-builder-maven-plugin = "Docbkx Maven Plugin Builder"
com.agilejava.docbkx -> docbkx-fop-support:docbkx-fop-support = "Docbkx FOP Support"
com.agilejava.docbkx -> docbkx:docbkx-maven-plugin = "Docbkx Maven Plugin"
com.agiliumlabs.osxappbundle -> osxappbundle:osxappbundle-maven-plugin = "Maven OS X Application Bundle Plugin"
com.airlenet.yang -> yang:yang-maven-plugin = "play yang maven plugin"
com.akathist.maven.plugins.launch4j -> launch4j:launch4j-maven-plugin = "Maven Launch4j Plugin"
com.alexecollins.docker -> docker:docker-maven-plugin = "Docker Maven Plugin"
com.alexecollins.maven.plugin -> script:script-maven-plugin = "Script Plugin"
com.alexkasko.installer -> windows-service-installer:maven-windows-service-installer-plugin = "Maven Windows Service Installer Plugin"
com.alexkasko.krakatau -> krakatau:krakatau-maven-plugin = "Krakatau Java Assembler Maven Plugin"
com.alexkasko.maven -> jni-headers:jni-headers-maven-plugin = "Maven plugin for generating JNI headers"
com.alexkasko.springjdbc.typedqueries -> typed-queries:typed-queries-maven-plugin = "Typed SQL queries for spring-jdbc maven plugin"
com.alexnederlof -> jasperreports:jasperreports-plugin = "jasperreport-plugin"
com.alibaba.citrus.tool -> autoconfig:autoconfig-maven-plugin = "Antx Auto-config Maven Plugin"
com.alibaba.citrus.tool -> docbook:docbook-maven-plugin = "Docbook-XSL Transformers"
com.alibaba.citrus.tool -> autoconfig:maven-autoconfig-plugin = "Maven plugin for autoconfig"
com.alibaba.citrus.tool -> docbook:maven-docbook-plugin = "Docbook-XSL Transformers"
com.alibaba.citrus.tool -> springext:maven-springext-plugin = "Maven plugin for springext"
com.alibaba.citrus.tool -> maven-util:maven-util = "Maven Plugin Utils"
com.alibaba.citrus.tool -> springext:springext-maven-plugin = "SpringExt Maven Plugin"
com.aliyun.relay -> codegen:codegen-maven-plugin = 
com.almworks.integers -> generator:generator-maven-plugin = "Generate integers"
com.amashchenko.maven.plugin -> gitflow:gitflow-maven-plugin = "gitflow-maven-plugin"
com.amazonaws -> aws-java-sdk-codegen:aws-java-sdk-codegen-maven-plugin = "AWS SDK for Java - Code Generator Maven Plugin"
com.amazonaws -> aws-java-sdk-generated-samples:aws-java-sdk-generated-samples = "aws-java-sdk-generated-samples"
com.amazonaws -> aws-java-sdk-sample-extractor:aws-java-sdk-sample-extractor = "aws-java-sdk-sample-extractor"
com.amazonaws.scala -> generator:generator-maven-plugin = "AWS SDK for Scala - Generator Plugin"
com.amitapi -> amit-maven-plugin:amit-maven-plugin = "amit-maven-plugin Maven Mojo"
com.amitapi -> amit:amit-maven-plugin = "amit-maven-plugin Maven Mojo"
com.ancientlightstudios -> simplegen:simplegen-maven-plugin = "SimpleGen - Maven Plugin"
com.andyserver.maven.plugins -> jenkinsfile:jenkinsfile-maven-plugin = "Jenkinsfile Maven Plugin"
com.anthemengineering.mojo -> infer:infer-maven-plugin = "Infer Maven Plugin"
com.anton-johansson -> build-markdown-generator:build-markdown-generator-maven-plugin = "Anton Johansson :: Build Markdown Generator :: Maven Plugin"
com.antwerkz.critter -> critter:critter-maven = 
com.antwerkz.sofia -> :maven = "Sofia Maven Mojo"
com.antwerkz.sofia -> sofia:sofia-maven = "Sofia Maven Mojo"
com.apigee.edge.config -> apigee-config:apigee-config-maven-plugin = "apigee-config-maven-plugin"
com.apmvista.agent.android -> tracing:tracing-maven-plugin = "tracing-maven-plugin Maven Mojo"
com.appdynamics -> appdynamics:appdynamics-maven-plugin = "AppDynamics Instrumentation Android Maven Plugin"
com.appneta.agent.java -> appneta:appneta-maven-plugin = "AppNeta instrumentation agent installer plugin"
com.apporiented -> apidoc:spring-rest-doc-plugin = "Spring-REST-Doc Maven Plugin"
com.apporiented -> spring-rest-doc:spring-rest-doc-plugin = "Spring-REST-Doc Maven Plugin"
com.argonio.gora -> gora:gora-maven-plugin = "Apache Gora Maven Plugin by Argonio"
com.ariht -> config-generation:config-generation-maven-plugin = "config-generation-maven-plugin"
com.ariht -> config-processor:config-processor-maven-plugin = "config-processor-maven-plugin"
com.arpnetworking.commons -> javassist:javassist-maven-plugin = "Maven Javassist Plugin"
com.artnaseef -> activemq:activemq-maven-plugin = "ActiveMQ Maven Plugin"
com.artnaseef -> kafka:kafka-maven-plugin = "kafka-maven-plugin Maven Plugin"
com.arturmkrtchyan.kafka -> kafka:kafka-maven-plugin = "kafka-maven-plugin"
com.astutebits -> jsquint:jsquint-maven-plugin = "jsquint-maven-plugin"
com.atlassian.bamboo -> bamboo-specs-runner:bamboo-specs-runner = "Bamboo Specs Runner Maven Plugin"
com.atlassian.maven.plugins -> aws-integration-test:aws-integration-test-plugin = "AWS Integration Test Plugin"
com.atlassian.maven.plugins -> clover:clover-maven-plugin = "Maven Clover Plugin"
com.atlassian.maven.plugins -> amps-dispatcher:maven-amps-dispatcher-plugin = "Maven AMPS Dispatcher Plugin"
com.atlassian.maven.plugins -> amps:maven-amps-plugin = "Maven AMPS Plugin"
com.atlassian.maven.plugins -> bamboo:maven-bamboo-plugin = "Maven Bamboo Plugin"
com.atlassian.maven.plugins -> clover2:maven-clover2-plugin = "Maven Clover Plugin"
com.atlassian.maven.plugins -> confluence:maven-confluence-plugin = "Maven Confluence Plugin"
com.atlassian.maven.plugins -> crowd:maven-crowd-plugin = "Maven Crowd Plugin"
com.atlassian.maven.plugins -> fecru:maven-fecru-plugin = "Maven FishEye/Crucible Plugin"
com.atlassian.maven.plugins -> jira:maven-jira-plugin = "Maven JIRA Plugin"
com.atlassian.maven.plugins -> refapp